[23-Jun-2014 11:04:23] NOTICE: fpm is running, pid 549
[23-Jun-2014 11:04:23] NOTICE: ready to handle connections
[23-Jun-2014 18:17:21] NOTICE: Terminating ...
[23-Jun-2014 18:17:21] NOTICE: exiting, bye-bye!
[23-Jun-2014 19:21:52] NOTICE: fpm is running, pid 324
[23-Jun-2014 19:21:52] NOTICE: ready to handle connections
[24-Jun-2014 01:05:51] NOTICE: Terminating ...
[24-Jun-2014 01:05:51] NOTICE: exiting, bye-bye!
[24-Jun-2014 10:56:42] NOTICE: fpm is running, pid 365
[24-Jun-2014 10:56:42] NOTICE: ready to handle connections
[24-Jun-2014 18:21:54] NOTICE: Terminating ...
[24-Jun-2014 18:21:54] NOTICE: exiting, bye-bye!
[24-Jun-2014 20:15:14] NOTICE: fpm is running, pid 921
[24-Jun-2014 20:15:14] NOTICE: ready to handle connections
[25-Jun-2014 01:13:31] NOTICE: Terminating ...
[25-Jun-2014 01:13:31] NOTICE: exiting, bye-bye!
[25-Jun-2014 10:12:19] NOTICE: fpm is running, pid 496
[25-Jun-2014 10:12:19] NOTICE: ready to handle connections
[25-Jun-2014 18:33:57] NOTICE: Terminating ...
[25-Jun-2014 18:33:57] NOTICE: exiting, bye-bye!
[26-Jun-2014 11:41:09] NOTICE: fpm is running, pid 834
[26-Jun-2014 11:41:09] NOTICE: ready to handle connections
[27-Jun-2014 00:40:57] NOTICE: Terminating ...
[27-Jun-2014 00:40:57] NOTICE: exiting, bye-bye!
[27-Jun-2014 15:15:22] NOTICE: [pool www] 'user' directive is ignored when FPM is not running as root
[27-Jun-2014 15:15:22] NOTICE: [pool www] 'group' directive is ignored when FPM is not running as root
[27-Jun-2014 15:15:22] NOTICE: fpm is running, pid 2052
[27-Jun-2014 15:15:22] NOTICE: ready to handle connections
[27-Jun-2014 15:15:26] NOTICE: [pool www] 'user' directive is ignored when FPM is not running as root
[27-Jun-2014 15:15:26] NOTICE: [pool www] 'group' directive is ignored when FPM is not running as root
[27-Jun-2014 15:15:26] ERROR: unable to bind listening socket for address '127.0.0.1:9000': Address already in use (48)
[27-Jun-2014 15:15:26] ERROR: FPM initialization failed
[27-Jun-2014 15:15:31] ERROR: unable to bind listening socket for address '127.0.0.1:9000': Address already in use (48)
[27-Jun-2014 15:15:31] ERROR: FPM initialization failed
[27-Jun-2014 15:16:34] ERROR: unable to bind listening socket for address '127.0.0.1:9000': Address already in use (48)
[27-Jun-2014 15:16:34] ERROR: FPM initialization failed
[27-Jun-2014 15:16:46] ERROR: unable to bind listening socket for address '127.0.0.1:9000': Address already in use (48)
[27-Jun-2014 15:16:46] ERROR: FPM initialization failed
[27-Jun-2014 15:17:12] ERROR: unable to bind listening socket for address '127.0.0.1:9000': Address already in use (48)
[27-Jun-2014 15:17:12] ERROR: FPM initialization failed
[27-Jun-2014 15:19:23] NOTICE: Terminating ...
[27-Jun-2014 15:19:23] NOTICE: exiting, bye-bye!
[27-Jun-2014 15:19:55] NOTICE: fpm is running, pid 2337
[27-Jun-2014 15:19:55] NOTICE: ready to handle connections
[27-Jun-2014 15:19:57] NOTICE: Terminating ...
[27-Jun-2014 15:19:57] NOTICE: exiting, bye-bye!
[27-Jun-2014 15:20:49] NOTICE: [pool www] 'user' directive is ignored when FPM is not running as root
[27-Jun-2014 15:20:49] NOTICE: [pool www] 'group' directive is ignored when FPM is not running as root
[27-Jun-2014 15:20:49] NOTICE: fpm is running, pid 2414
[27-Jun-2014 15:20:49] NOTICE: ready to handle connections
[27-Jun-2014 15:20:55] ERROR: unable to bind listening socket for address '127.0.0.1:9000': Address already in use (48)
[27-Jun-2014 15:20:55] ERROR: FPM initialization failed
[27-Jun-2014 15:21:04] NOTICE: [pool www] 'user' directive is ignored when FPM is not running as root
[27-Jun-2014 15:21:04] NOTICE: [pool www] 'group' directive is ignored when FPM is not running as root
[27-Jun-2014 15:21:04] ERROR: unable to bind listening socket for address '127.0.0.1:9000': Address already in use (48)
[27-Jun-2014 15:21:04] ERROR: FPM initialization failed
[27-Jun-2014 18:01:39] NOTICE: Terminating ...
[27-Jun-2014 18:01:39] NOTICE: exiting, bye-bye!
[27-Jun-2014 20:38:29] NOTICE: [pool www] 'user' directive is ignored when FPM is not running as root
[27-Jun-2014 20:38:29] NOTICE: [pool www] 'group' directive is ignored when FPM is not running as root
[27-Jun-2014 20:38:29] NOTICE: fpm is running, pid 312
[27-Jun-2014 20:38:29] NOTICE: ready to handle connections
[27-Jun-2014 20:38:33] ERROR: unable to bind listening socket for address '127.0.0.1:9000': Address already in use (48)
[27-Jun-2014 20:38:33] ERROR: FPM initialization failed
[28-Jun-2014 00:16:30] NOTICE: Terminating ...
[28-Jun-2014 00:16:30] NOTICE: exiting, bye-bye!
[28-Jun-2014 14:40:57] NOTICE: [pool www] 'user' directive is ignored when FPM is not running as root
[28-Jun-2014 14:40:57] NOTICE: [pool www] 'group' directive is ignored when FPM is not running as root
[28-Jun-2014 14:40:57] NOTICE: fpm is running, pid 351
[28-Jun-2014 14:40:57] NOTICE: ready to handle connections
[28-Jun-2014 14:41:19] ERROR: unable to bind listening socket for address '127.0.0.1:9000': Address already in use (48)
[28-Jun-2014 14:41:19] ERROR: FPM initialization failed
[28-Jun-2014 19:27:51] NOTICE: Terminating ...
[28-Jun-2014 19:27:51] NOTICE: exiting, bye-bye!
[29-Jun-2014 16:56:49] NOTICE: fpm is running, pid 1138
[29-Jun-2014 16:56:49] NOTICE: ready to handle connections
[29-Jun-2014 16:57:02] ERROR: unable to bind listening socket for address '127.0.0.1:9000': Address already in use (48)
[29-Jun-2014 16:57:02] ERROR: FPM initialization failed
[29-Jun-2014 16:57:22] ERROR: unable to bind listening socket for address '127.0.0.1:9000': Address already in use (48)
[29-Jun-2014 16:57:22] ERROR: FPM initialization failed
[29-Jun-2014 22:24:40] NOTICE: Terminating ...
[29-Jun-2014 22:24:40] NOTICE: exiting, bye-bye!
[30-Jun-2014 13:11:10] NOTICE: fpm is running, pid 777
[30-Jun-2014 13:11:10] NOTICE: ready to handle connections
[30-Jun-2014 13:12:01] WARNING: [pool www] server reached pm.max_children setting (5), consider raising it
[30-Jun-2014 13:12:35] WARNING: [pool www] server reached pm.max_children setting (5), consider raising it
[30-Jun-2014 13:14:07] WARNING: [pool www] server reached pm.max_children setting (5), consider raising it
[30-Jun-2014 13:15:08] WARNING: [pool www] server reached pm.max_children setting (5), consider raising it
[30-Jun-2014 13:15:18] WARNING: [pool www] server reached pm.max_children setting (5), consider raising it
[30-Jun-2014 18:32:19] NOTICE: Terminating ...
[30-Jun-2014 18:32:19] NOTICE: exiting, bye-bye!
[02-Jul-2014 13:21:53] NOTICE: [pool www] 'user' directive is ignored when FPM is not running as root
[02-Jul-2014 13:21:53] NOTICE: [pool www] 'group' directive is ignored when FPM is not running as root
[02-Jul-2014 13:21:53] NOTICE: fpm is running, pid 935
[02-Jul-2014 13:21:53] NOTICE: ready to handle connections
[02-Jul-2014 13:21:56] ERROR: unable to bind listening socket for address '127.0.0.1:9000': Address already in use (48)
[02-Jul-2014 13:21:56] ERROR: FPM initialization failed
[02-Jul-2014 19:26:27] NOTICE: Terminating ...
[02-Jul-2014 19:26:27] NOTICE: exiting, bye-bye!
[03-Jul-2014 00:01:38] NOTICE: fpm is running, pid 778
[03-Jul-2014 00:01:38] NOTICE: ready to handle connections
[03-Jul-2014 01:45:53] NOTICE: Terminating ...
[03-Jul-2014 01:45:53] NOTICE: exiting, bye-bye!
[03-Jul-2014 11:34:53] NOTICE: fpm is running, pid 565
[03-Jul-2014 11:34:53] NOTICE: ready to handle connections
[03-Jul-2014 18:31:02] NOTICE: Terminating ...
[03-Jul-2014 18:31:02] NOTICE: exiting, bye-bye!
[04-Jul-2014 13:37:58] NOTICE: fpm is running, pid 4109
[04-Jul-2014 13:37:58] NOTICE: ready to handle connections
[04-Jul-2014 18:56:09] NOTICE: Terminating ...
[04-Jul-2014 18:56:09] NOTICE: exiting, bye-bye!
[06-Jul-2014 00:42:13] NOTICE: fpm is running, pid 1675
[06-Jul-2014 00:42:13] NOTICE: ready to handle connections
[06-Jul-2014 01:14:29] NOTICE: Terminating ...
[06-Jul-2014 01:14:29] NOTICE: exiting, bye-bye!
[06-Jul-2014 14:00:30] NOTICE: fpm is running, pid 640
[06-Jul-2014 14:00:30] NOTICE: ready to handle connections
[06-Jul-2014 21:26:14] NOTICE: Terminating ...
[06-Jul-2014 21:26:14] NOTICE: exiting, bye-bye!
[06-Jul-2014 22:17:54] NOTICE: fpm is running, pid 404
[06-Jul-2014 22:17:54] NOTICE: ready to handle connections
[07-Jul-2014 00:23:03] NOTICE: Terminating ...
[07-Jul-2014 00:23:03] NOTICE: exiting, bye-bye!
